{
  "RSpec": {
    "coverage": {
      "/home/bento/Área de Trabalho/iugu-rails-code-challenge/config/environment.rb": {
        "lines": [
          null,
          1,
          null,
          null,
          1,
          null,
          null,
          1,
          null,
          1,
          1,
          null,
          1,
          1,
          3,
          null,
          null,
          null
        ]
      },
      "/home/bento/Área de Trabalho/iugu-rails-code-challenge/config/application.rb": {
        "lines": [
          1,
          null,
          1,
          null,
          1,
          1,
          1,
          1,
          1,
          1,
          1,
          1,
          1,
          1,
          null,
          null,
          null,
          null,
          null,
          1,
          null,
          1,
          1,
          null,
          1,
          null,
          null,
          null,
          null,
          null,
          null,
          null,
          null,
          null,
          1,
          null,
          null
        ]
      },
      "/home/bento/Área de Trabalho/iugu-rails-code-challenge/config/boot.rb": {
        "lines": [
          1,
          null,
          1,
          1
        ]
      },
      "/home/bento/Área de Trabalho/iugu-rails-code-challenge/config/environments/test.rb": {
        "lines": [
          null,
          null,
          null,
          null,
          null,
          1,
          null,
          null,
          1,
          1,
          null,
          null,
          null,
          null,
          1,
          null,
          null,
          1,
          1,
          null,
          null,
          null,
          null,
          1,
          1,
          1,
          null,
          null,
          1,
          null,
          null,
          1,
          null,
          null,
          1,
          null,
          1,
          null,
          null,
          null,
          null,
          1,
          null,
          null,
          1,
          null,
          null,
          null,
          null
        ]
      },
      "/home/bento/Área de Trabalho/iugu-rails-code-challenge/config/initializers/application_controller_renderer.rb": {
        "lines": [
          null,
          null,
          null,
          null,
          null,
          null,
          null,
          null
        ]
      },
      "/home/bento/Área de Trabalho/iugu-rails-code-challenge/config/initializers/backtrace_silencers.rb": {
        "lines": [
          null,
          null,
          null,
          null,
          null,
          null,
          null
        ]
      },
      "/home/bento/Área de Trabalho/iugu-rails-code-challenge/config/initializers/cors.rb": {
        "lines": [
          null,
          null,
          null,
          null,
          null,
          null,
          null,
          null,
          null,
          null,
          null,
          null,
          null,
          null,
          null,
          null
        ]
      },
      "/home/bento/Área de Trabalho/iugu-rails-code-challenge/config/initializers/filter_parameter_logging.rb": {
        "lines": [
          null,
          null,
          null,
          1
        ]
      },
      "/home/bento/Área de Trabalho/iugu-rails-code-challenge/config/initializers/inflections.rb": {
        "lines": [
          null,
          null,
          null,
          null,
          null,
          null,
          null,
          null,
          null,
          null,
          null,
          null,
          null,
          null,
          null,
          null
        ]
      },
      "/home/bento/Área de Trabalho/iugu-rails-code-challenge/config/initializers/mime_types.rb": {
        "lines": [
          null,
          null,
          null,
          null
        ]
      },
      "/home/bento/Área de Trabalho/iugu-rails-code-challenge/config/initializers/wrap_parameters.rb": {
        "lines": [
          null,
          null,
          null,
          null,
          null,
          null,
          1,
          2,
          null,
          null,
          null,
          null,
          null,
          null
        ]
      },
      "/home/bento/Área de Trabalho/iugu-rails-code-challenge/spec/factories/accounts.rb": {
        "lines": [
          1,
          1,
          11,
          13,
          13,
          13,
          null,
          null
        ]
      },
      "/home/bento/Área de Trabalho/iugu-rails-code-challenge/config/routes.rb": {
        "lines": [
          1,
          null,
          null,
          1,
          1,
          1,
          null,
          null,
          null
        ]
      },
      "/home/bento/Área de Trabalho/iugu-rails-code-challenge/spec/support/factory_bot.rb": {
        "lines": [
          1,
          1,
          null
        ]
      },
      "/home/bento/Área de Trabalho/iugu-rails-code-challenge/app/controllers/api/v1/accounts_controller.rb": {
        "lines": [
          1,
          1,
          4,
          4,
          4,
          null,
          4,
          null,
          null,
          null,
          null,
          null,
          4,
          null,
          null,
          1,
          null,
          1,
          12,
          null,
          null
        ]
      },
      "/home/bento/Área de Trabalho/iugu-rails-code-challenge/app/controllers/application_controller.rb": {
        "lines": [
          1,
          null
        ]
      },
      "/home/bento/Área de Trabalho/iugu-rails-code-challenge/spec/models/account_spec.rb": {
        "lines": [
          1,
          null,
          1,
          9,
          null,
          1,
          1,
          2,
          2,
          2,
          2,
          null,
          null,
          1,
          2,
          2,
          null,
          null,
          1,
          2,
          2,
          null,
          null,
          null
        ]
      },
      "/home/bento/Área de Trabalho/iugu-rails-code-challenge/app/models/account.rb": {
        "lines": [
          1,
          1,
          null,
          1,
          null,
          null,
          null,
          1,
          1,
          1,
          null
        ]
      },
      "/home/bento/Área de Trabalho/iugu-rails-code-challenge/app/models/application_record.rb": {
        "lines": [
          1,
          1,
          null
        ]
      },
      "/home/bento/Área de Trabalho/iugu-rails-code-challenge/spec/services/account_create_service_spec.rb": {
        "lines": [
          1,
          null,
          1,
          1,
          5,
          null,
          null,
          null,
          null,
          4,
          4,
          4,
          null,
          1,
          1,
          1,
          1,
          null,
          1,
          null,
          1,
          1,
          1,
          1,
          1,
          null,
          null,
          1,
          1,
          1,
          null,
          1,
          null,
          null,
          null,
          null,
          null,
          null,
          null,
          null,
          1,
          2,
          2,
          2,
          null,
          2,
          2,
          null,
          1,
          1,
          null,
          1,
          null,
          1,
          1,
          1,
          1,
          1,
          null,
          1,
          null,
          null,
          null,
          1,
          3,
          3,
          3,
          null,
          3,
          null,
          1,
          1,
          null,
          1,
          null,
          null,
          1,
          1,
          null,
          1,
          null,
          null,
          null,
          null,
          1,
          1,
          1,
          1,
          null,
          1,
          null,
          null,
          null,
          null,
          null,
          1,
          null,
          1,
          null,
          null,
          null,
          null,
          null,
          null,
          null,
          null,
          null
        ]
      },
      "/home/bento/Área de Trabalho/iugu-rails-code-challenge/app/services/account_create_service.rb": {
        "lines": [
          1,
          1,
          null,
          1,
          null,
          1,
          9,
          9,
          9,
          null,
          null,
          1,
          1,
          null,
          null,
          1,
          9,
          null,
          null,
          1,
          null,
          1,
          9,
          null,
          null,
          1,
          9,
          null,
          6,
          null,
          null,
          null,
          null,
          null,
          null,
          6,
          null,
          6,
          null,
          null,
          1,
          6,
          null,
          null,
          null,
          null,
          1,
          6,
          null,
          1,
          null,
          1,
          null,
          null,
          1,
          null,
          6,
          null,
          null,
          null,
          null,
          1,
          null,
          3,
          null,
          null,
          null
        ]
      }
    },
    "timestamp": 1598401672
  }
}
