{
  "RSpec": {
    "coverage": {
      "/home/bento/Área de Trabalho/iugu-rails-code-challenge/config/environment.rb": {
        "lines": [
          null,
          1,
          null,
          null,
          1,
          null,
          null,
          1,
          null,
          1,
          1,
          null,
          1,
          1,
          3,
          null,
          null,
          null
        ]
      },
      "/home/bento/Área de Trabalho/iugu-rails-code-challenge/config/application.rb": {
        "lines": [
          1,
          null,
          1,
          null,
          1,
          1,
          1,
          1,
          1,
          1,
          1,
          1,
          1,
          1,
          null,
          null,
          null,
          null,
          null,
          1,
          null,
          1,
          1,
          null,
          1,
          null,
          null,
          null,
          null,
          null,
          null,
          null,
          null,
          null,
          1,
          null,
          null
        ]
      },
      "/home/bento/Área de Trabalho/iugu-rails-code-challenge/config/boot.rb": {
        "lines": [
          1,
          null,
          1,
          1
        ]
      },
      "/home/bento/Área de Trabalho/iugu-rails-code-challenge/config/environments/test.rb": {
        "lines": [
          null,
          null,
          null,
          null,
          null,
          1,
          null,
          null,
          1,
          1,
          null,
          null,
          null,
          null,
          1,
          null,
          null,
          1,
          1,
          null,
          null,
          null,
          null,
          1,
          1,
          1,
          null,
          null,
          1,
          null,
          null,
          1,
          null,
          null,
          1,
          null,
          1,
          null,
          null,
          null,
          null,
          1,
          null,
          null,
          1,
          null,
          null,
          null,
          null
        ]
      },
      "/home/bento/Área de Trabalho/iugu-rails-code-challenge/config/initializers/application_controller_renderer.rb": {
        "lines": [
          null,
          null,
          null,
          null,
          null,
          null,
          null,
          null
        ]
      },
      "/home/bento/Área de Trabalho/iugu-rails-code-challenge/config/initializers/backtrace_silencers.rb": {
        "lines": [
          null,
          null,
          null,
          null,
          null,
          null,
          null
        ]
      },
      "/home/bento/Área de Trabalho/iugu-rails-code-challenge/config/initializers/cors.rb": {
        "lines": [
          null,
          null,
          null,
          null,
          null,
          null,
          null,
          null,
          null,
          null,
          null,
          null,
          null,
          null,
          null,
          null
        ]
      },
      "/home/bento/Área de Trabalho/iugu-rails-code-challenge/config/initializers/filter_parameter_logging.rb": {
        "lines": [
          null,
          null,
          null,
          1
        ]
      },
      "/home/bento/Área de Trabalho/iugu-rails-code-challenge/config/initializers/inflections.rb": {
        "lines": [
          null,
          null,
          null,
          null,
          null,
          null,
          null,
          null,
          null,
          null,
          null,
          null,
          null,
          null,
          null,
          null
        ]
      },
      "/home/bento/Área de Trabalho/iugu-rails-code-challenge/config/initializers/mime_types.rb": {
        "lines": [
          null,
          null,
          null,
          null
        ]
      },
      "/home/bento/Área de Trabalho/iugu-rails-code-challenge/config/initializers/wrap_parameters.rb": {
        "lines": [
          null,
          null,
          null,
          null,
          null,
          null,
          1,
          1,
          null,
          null,
          null,
          null,
          null,
          null
        ]
      },
      "/home/bento/Área de Trabalho/iugu-rails-code-challenge/spec/factories/accounts.rb": {
        "lines": [
          1,
          1,
          9,
          9,
          9,
          9,
          null,
          null
        ]
      },
      "/home/bento/Área de Trabalho/iugu-rails-code-challenge/config/routes.rb": {
        "lines": [
          1,
          null,
          null
        ]
      },
      "/home/bento/Área de Trabalho/iugu-rails-code-challenge/spec/support/factory_bot.rb": {
        "lines": [
          1,
          1,
          null
        ]
      },
      "/home/bento/Área de Trabalho/iugu-rails-code-challenge/app/models/account.rb": {
        "lines": [
          1,
          1,
          null,
          1,
          null,
          null,
          null,
          1,
          1,
          1,
          null
        ]
      },
      "/home/bento/Área de Trabalho/iugu-rails-code-challenge/app/models/application_record.rb": {
        "lines": [
          1,
          1,
          null
        ]
      }
    },
    "timestamp": 1598384816
  }
}
